[INFO] Starting YOLOv3 COCO eval on CPU (both mode)
[INFO] Inference input size: 608x608
[INFO] Output names: ['yolonms_layer_1/ExpandDims_1:0_f32', 'yolonms_layer_1/ExpandDims_3:0_f32', 'yolonms_layer_1/concat_2:0']
[TIME] Session init: 496.1 ms
[PROGRESS] 10/100 images processed
[PROGRESS] 20/100 images processed
[PROGRESS] 30/100 images processed
[PROGRESS] 40/100 images processed
[PROGRESS] 50/100 images processed
[PROGRESS] 60/100 images processed
[PROGRESS] 70/100 images processed
[PROGRESS] 80/100 images processed
[PROGRESS] 90/100 images processed
[PROGRESS] 100/100 images processed
[TIME] Preprocess avg: 4.9 ms, p95: 6.6 ms
[TIME] Inference avg: 1026.4 ms, p95: 1206.3 ms
[TIME] Throughput (inference-only): 0.97 FPS
[TIME] Postprocess avg: 1.3 ms, p95: 3.4 ms
[INFO] Saved detections to /workspace/multimodel-scheduling/results/yolov3_coco_dets_cpu_20250825-061725.json
[METRIC] mAP@[.5:.95]: 0.4219
[METRIC] mAP@0.5: 0.6442
[METRIC] mAP@0.75: 0.4764
[METRIC] mAP_small: 0.2107
[METRIC] mAP_medium: 0.4268
[METRIC] mAP_large: 0.6086
[METRIC] AR1: 0.3499
[METRIC] AR10: 0.4408
[METRIC] AR100: 0.4420
[METRIC] AR_small: 0.2156
[METRIC] AR_medium: 0.4394
[METRIC] AR_large: 0.6356
[RESULT] Accuracy: mAP@[.5:.95]=0.4219, mAP@0.5=0.6442
[INFO] Saved metrics/results to /workspace/multimodel-scheduling/results/yolov3_coco_metrics_cpu_20250825-061725.json
[INFO] CPU evaluation finished.
