[INFO] Starting YOLOv3 COCO eval on CPU (both mode)
[INFO] Inference input size: 608x608
[INFO] Output names: ['yolonms_layer_1/ExpandDims_1:0_f32', 'yolonms_layer_1/ExpandDims_3:0_f32', 'yolonms_layer_1/concat_2:0']
[TIME] Session init: 932.6 ms
[PROGRESS] 10/100 images processed
[PROGRESS] 20/100 images processed
[PROGRESS] 30/100 images processed
[PROGRESS] 40/100 images processed
[PROGRESS] 50/100 images processed
[PROGRESS] 60/100 images processed
[PROGRESS] 70/100 images processed
[PROGRESS] 80/100 images processed
[PROGRESS] 90/100 images processed
[PROGRESS] 100/100 images processed
[TIME] Preprocess avg: 2.8 ms, p95: 4.9 ms
[TIME] Inference avg: 1028.2 ms, p95: 1357.9 ms
[TIME] Postprocess avg: 1.4 ms, p95: 3.2 ms
[INFO] Saved detections to /workspace/multimodel-scheduling/results/yolov3_coco_dets_cpu_20250826-013601.json
[METRIC] mAP@[.5:.95]: 0.4105
[METRIC] mAP@0.5: 0.6271
[METRIC] mAP@0.75: 0.4630
[METRIC] mAP_small: 0.2090
[METRIC] mAP_medium: 0.4216
[METRIC] mAP_large: 0.5741
[METRIC] AR1: 0.3431
[METRIC] AR10: 0.4342
[METRIC] AR100: 0.4344
[METRIC] AR_small: 0.2132
[METRIC] AR_medium: 0.4328
[METRIC] AR_large: 0.5984
[RESULT] Accuracy: mAP@[.5:.95]=0.4105, mAP@0.5=0.6271
[INFO] Saved metrics/results to /workspace/multimodel-scheduling/results/yolov3_coco_metrics_cpu_20250826-013601.json
[INFO] CPU evaluation finished.
