[INFO] Starting YOLOv3 COCO eval on CPU
[INFO] Model: /home/msyu/PycharmProjects/multimodel-scheduling/models/yolov3_big/model/yolov3_big.onnx
[INFO] Data dir: /home/msyu/PycharmProjects/multimodel-scheduling/datasets/coco
[INFO] Max images: 100
[INFO] Conf thr: 0.3, IoU thr: 0.5
[INFO] Using existing images at /home/msyu/PycharmProjects/multimodel-scheduling/datasets/coco/val2017
[INFO] Using existing annotations at /home/msyu/PycharmProjects/multimodel-scheduling/datasets/coco/annotations/instances_val2017.json
[INFO] Number of images to process: 100
[INFO] Inference input size: 608x608
[INFO] Output names: ['yolonms_layer_1/ExpandDims_1:0_f32', 'yolonms_layer_1/ExpandDims_3:0_f32', 'yolonms_layer_1/concat_2:0']
[TIME] Session init: 384.5 ms
[PROGRESS] 10/100 images processed
[PROGRESS] 20/100 images processed
[PROGRESS] 30/100 images processed
[PROGRESS] 40/100 images processed
[PROGRESS] 50/100 images processed
[PROGRESS] 60/100 images processed
[PROGRESS] 70/100 images processed
[PROGRESS] 80/100 images processed
[PROGRESS] 90/100 images processed
[PROGRESS] 100/100 images processed
[TIME] Preprocess avg: 4.1 ms, p95: 5.3 ms
[TIME] Inference avg: 883.1 ms, p95: 891.0 ms
[TIME] Throughput (inference-only): 1.13 FPS
[TIME] Postprocess avg: 0.8 ms, p95: 2.7 ms
[INFO] Saved detections to /home/msyu/PycharmProjects/multimodel-scheduling/results/yolov3_coco_dets_20250825-145859.json
[METRIC] mAP@[.5:.95]: 0.4219
[METRIC] mAP@0.5: 0.6442
[METRIC] mAP@0.75: 0.4764
[METRIC] mAP_small: 0.2107
[METRIC] mAP_medium: 0.4268
[METRIC] mAP_large: 0.6086
[METRIC] AR1: 0.3499
[METRIC] AR10: 0.4408
[METRIC] AR100: 0.4420
[METRIC] AR_small: 0.2156
[METRIC] AR_medium: 0.4394
[METRIC] AR_large: 0.6356
[RESULT] Accuracy: mAP@[.5:.95]=0.4219, mAP@0.5=0.6442
[INFO] Saved metrics/results to /home/msyu/PycharmProjects/multimodel-scheduling/results/yolov3_coco_metrics_20250825-145859.json
[INFO] Saved accuracy summary to /home/msyu/PycharmProjects/multimodel-scheduling/results/yolov3_coco_accuracy_20250825-145859.json
[INFO] Evaluation finished.
