[INFO] Starting YOLOv3 COCO eval on CPU
[INFO] Model: /home/msyu/PycharmProjects/multimodel-scheduling/models/yolov3_small/model/yolov3_small.onnx
[INFO] Data dir: /home/msyu/PycharmProjects/multimodel-scheduling/datasets/coco
[INFO] Max images: 100
[INFO] Conf thr: 0.3, IoU thr: 0.5
[INFO] Using existing images at /home/msyu/PycharmProjects/multimodel-scheduling/datasets/coco/val2017
[INFO] Using existing annotations at /home/msyu/PycharmProjects/multimodel-scheduling/datasets/coco/annotations/instances_val2017.json
[INFO] Number of images to process: 100
[INFO] Inference input size: 608x608
[INFO] Output names: ['yolonms_layer_1/ExpandDims_1:0_f32', 'yolonms_layer_1/ExpandDims_3:0_f32', 'yolonms_layer_1/concat_2:0']
[TIME] Session init: 372.3 ms
[PROGRESS] 10/100 images processed
[PROGRESS] 20/100 images processed
[PROGRESS] 30/100 images processed
[PROGRESS] 40/100 images processed
[PROGRESS] 50/100 images processed
[PROGRESS] 60/100 images processed
[PROGRESS] 70/100 images processed
[PROGRESS] 80/100 images processed
[PROGRESS] 90/100 images processed
[PROGRESS] 100/100 images processed
[TIME] Preprocess avg: 4.4 ms, p95: 8.0 ms
[TIME] Inference avg: 916.0 ms, p95: 1143.7 ms
[TIME] Postprocess avg: 0.9 ms, p95: 2.5 ms
[INFO] Saved detections to /home/msyu/PycharmProjects/multimodel-scheduling/results/yolov3_coco_dets_20250825-103016.json
[METRIC] mAP@[.5:.95]: 0.4167
[METRIC] mAP@0.5: 0.6334
[METRIC] mAP@0.75: 0.4711
[METRIC] mAP_small: 0.2107
[METRIC] mAP_medium: 0.4261
[METRIC] mAP_large: 0.5693
[METRIC] AR1: 0.3457
[METRIC] AR10: 0.4353
[METRIC] AR100: 0.4355
[METRIC] AR_small: 0.2156
[METRIC] AR_medium: 0.4371
[METRIC] AR_large: 0.5917
[RESULT] Accuracy: mAP@[.5:.95]=0.4167, mAP@0.5=0.6334
[INFO] Saved metrics/results to /home/msyu/PycharmProjects/multimodel-scheduling/results/yolov3_coco_metrics_20250825-103017.json
[INFO] Saved accuracy summary to /home/msyu/PycharmProjects/multimodel-scheduling/results/yolov3_coco_accuracy_20250825-103017.json
[INFO] Evaluation finished.
