[INFO] Starting YOLOv3 COCO eval on CPU (both mode)
[INFO] Inference input size: 608x608
[INFO] Output names: ['yolonms_layer_1/ExpandDims_1:0_f32', 'yolonms_layer_1/ExpandDims_3:0_f32', 'yolonms_layer_1/concat_2:0']
[TIME] Session init: 515.2 ms
[PROGRESS] 10/100 images processed
[PROGRESS] 20/100 images processed
[PROGRESS] 30/100 images processed
[PROGRESS] 40/100 images processed
[PROGRESS] 50/100 images processed
[PROGRESS] 60/100 images processed
[PROGRESS] 70/100 images processed
[PROGRESS] 80/100 images processed
[PROGRESS] 90/100 images processed
[PROGRESS] 100/100 images processed
[TIME] Preprocess avg: 2.9 ms, p95: 5.4 ms
[TIME] Inference avg: 1073.6 ms, p95: 1502.3 ms
[TIME] Postprocess avg: 1.9 ms, p95: 3.1 ms
[WARN] Skipping evaluation: no detections were produced.
[INFO] Saved metrics/results to /workspace/multimodel-scheduling/results/yolov3_coco_metrics_cpu_20250825-090609.json
[INFO] CPU evaluation finished.
