[INFO] Starting YOLOv3 COCO eval on CPU
[INFO] Model: /home/msyu/PycharmProjects/multimodel-scheduling/models/yolov3_big/model/yolov3_big.onnx
[INFO] Data dir: /home/msyu/PycharmProjects/multimodel-scheduling/datasets/coco
[INFO] Max images: 100
[INFO] Conf thr: 0.3, IoU thr: 0.5
[INFO] Using existing images at /home/msyu/PycharmProjects/multimodel-scheduling/datasets/coco/val2017
[INFO] Using existing annotations at /home/msyu/PycharmProjects/multimodel-scheduling/datasets/coco/annotations/instances_val2017.json
[INFO] Inference input size: 608x608
[INFO] Output names: ['output0']
[TIME] Session init: 319.7 ms
[INFO] Number of images to process: 100
[PROGRESS] 10/100 images processed
[PROGRESS] 20/100 images processed
[PROGRESS] 30/100 images processed
[PROGRESS] 40/100 images processed
[PROGRESS] 50/100 images processed
[PROGRESS] 60/100 images processed
[PROGRESS] 70/100 images processed
[PROGRESS] 80/100 images processed
[PROGRESS] 90/100 images processed
[PROGRESS] 100/100 images processed
[TIME] Preprocess avg: 2.4 ms, p95: 2.6 ms
[TIME] Inference avg: 948.8 ms, p95: 962.3 ms
[TIME] Postprocess avg: 2.2 ms, p95: 2.4 ms
[WARN] Skipping evaluation: pycocotools not installed.
[INFO] Saved metrics/results to /home/msyu/PycharmProjects/multimodel-scheduling/results/yolov3_coco_metrics_20250821-133105.json
[INFO] Evaluation finished.
