[INFO] Starting YOLOv3 COCO eval on NPU (both mode)
[INFO] Using NPU ONNX: ../yolov3/yolov3_d53_mstrain-608_273e_coco_optim_opset12.neubla_u8_lwq_movingaverage.onnx
[TIME] NPU host session prep: 694.9 ms
[TIME] NPU memory load: 112.8 ms
[PROGRESS] 10/100 images processed
[PROGRESS] 20/100 images processed
[PROGRESS] 30/100 images processed
[PROGRESS] 40/100 images processed
[PROGRESS] 50/100 images processed
[PROGRESS] 60/100 images processed
[PROGRESS] 70/100 images processed
[PROGRESS] 80/100 images processed
[PROGRESS] 90/100 images processed
[PROGRESS] 100/100 images processed
[TIME] Preprocess avg: 3.2 ms, p95: 4.4 ms
[TIME] Inference avg: 76.0 ms, p95: 85.9 ms
[TIME] Postprocess avg: 0.4 ms, p95: 0.7 ms
[INFO] Saved detections to /workspace/multimodel-scheduling/results/yolov3_coco_dets_npu_20250825-113453.json
[METRIC] mAP@[.5:.95]: 0.1536
[METRIC] mAP@0.5: 0.2416
[METRIC] mAP@0.75: 0.1742
[METRIC] mAP_small: 0.0580
[METRIC] mAP_medium: 0.1894
[METRIC] mAP_large: 0.2333
[METRIC] AR1: 0.1177
[METRIC] AR10: 0.1602
[METRIC] AR100: 0.1604
[METRIC] AR_small: 0.0613
[METRIC] AR_medium: 0.1939
[METRIC] AR_large: 0.2380
[RESULT] Accuracy: mAP@[.5:.95]=0.1536, mAP@0.5=0.2416
[INFO] Saved metrics/results to /workspace/multimodel-scheduling/results/yolov3_coco_metrics_npu_20250825-113453.json
[INFO] NPU evaluation finished.
