[INFO] Starting YOLOv3 COCO eval on CPU
[INFO] Model: /Users/msyu/PycharmProjects/multimodel-scheduling/models/yolov3_small/model/yolov3_small.onnx
[INFO] Data dir: /Users/msyu/PycharmProjects/multimodel-scheduling/datasets/coco
[INFO] Max images: 100
[INFO] Conf thr: 0.3, IoU thr: 0.5
[INFO] Using existing images at /Users/msyu/PycharmProjects/multimodel-scheduling/datasets/coco/val2017
[INFO] Using existing annotations at /Users/msyu/PycharmProjects/multimodel-scheduling/datasets/coco/annotations/instances_val2017.json
[INFO] Number of images to process: 100
[INFO] Inference input size: 608x608
[INFO] Output names: ['yolonms_layer_1/ExpandDims_1:0_f32', 'yolonms_layer_1/ExpandDims_3:0_f32', 'yolonms_layer_1/concat_2:0']
[TIME] Session init: 250.7 ms
[PROGRESS] 10/100 images processed
[PROGRESS] 20/100 images processed
[PROGRESS] 30/100 images processed
[PROGRESS] 40/100 images processed
[PROGRESS] 50/100 images processed
[PROGRESS] 60/100 images processed
[PROGRESS] 70/100 images processed
[PROGRESS] 80/100 images processed
[PROGRESS] 90/100 images processed
[PROGRESS] 100/100 images processed
[TIME] Preprocess avg: 4.4 ms, p95: 5.8 ms
[TIME] Inference avg: 1422.0 ms, p95: 1456.1 ms
[TIME] Postprocess avg: 168.9 ms, p95: 1489.5 ms
[INFO] Saved detections to /Users/msyu/PycharmProjects/multimodel-scheduling/results/yolov3_coco_dets_20250824-185741.json
[METRIC] mAP@[.5:.95]: 0.4252
[METRIC] mAP@0.5: 0.6532
[METRIC] mAP@0.75: 0.4767
[METRIC] mAP_small: 0.2151
[METRIC] mAP_medium: 0.4280
[METRIC] mAP_large: 0.6092
[METRIC] AR1: 0.3518
[METRIC] AR10: 0.4430
[METRIC] AR100: 0.4457
[METRIC] AR_small: 0.2286
[METRIC] AR_medium: 0.4424
[METRIC] AR_large: 0.6356
[RESULT] Accuracy: mAP@[.5:.95]=0.4252, mAP@0.5=0.6532
[INFO] Saved metrics/results to /Users/msyu/PycharmProjects/multimodel-scheduling/results/yolov3_coco_metrics_20250824-185743.json
[INFO] Saved accuracy summary to /Users/msyu/PycharmProjects/multimodel-scheduling/results/yolov3_coco_accuracy_20250824-185743.json
[INFO] Evaluation finished.
