[INFO] Starting YOLOv3 COCO eval on CPU (both mode)
[INFO] Inference input size: 608x608
[INFO] Output names: ['output0']
[TIME] Session init: 352.2 ms
[PROGRESS] 10/100 images processed
[PROGRESS] 20/100 images processed
[PROGRESS] 30/100 images processed
[PROGRESS] 40/100 images processed
[PROGRESS] 50/100 images processed
[PROGRESS] 60/100 images processed
[PROGRESS] 70/100 images processed
[PROGRESS] 80/100 images processed
[PROGRESS] 90/100 images processed
[PROGRESS] 100/100 images processed
[TIME] Preprocess avg: 2.6 ms, p95: 2.7 ms
[TIME] Inference avg: 1115.9 ms, p95: 1123.7 ms
[TIME] Postprocess avg: 3.2 ms, p95: 3.9 ms
[INFO] Saved detections to /workspace/multimodel-scheduling/results/yolov3_coco_dets_cpu_20250822-074727.json
[METRIC] mAP@[.5:.95]: 0.5199
[METRIC] mAP@0.5: 0.6757
[METRIC] mAP@0.75: 0.5787
[METRIC] mAP_small: 0.2893
[METRIC] mAP_medium: 0.5524
[METRIC] mAP_large: 0.7361
[METRIC] AR1: 0.4212
[METRIC] AR10: 0.5574
[METRIC] AR100: 0.5578
[METRIC] AR_small: 0.3087
[METRIC] AR_medium: 0.5876
[METRIC] AR_large: 0.7562
[RESULT] Accuracy: mAP@[.5:.95]=0.5199, mAP@0.5=0.6757
[INFO] Saved metrics/results to /workspace/multimodel-scheduling/results/yolov3_coco_metrics_cpu_20250822-074727.json
[INFO] CPU evaluation finished.
