[INFO] Starting YOLOv3 COCO eval on NPU (both mode)
[INFO] Using NPU ONNX: ../yolov3/yolov3_d53_mstrain-608_273e_coco_optim_opset12.neubla_u8_lwq_movingaverage.onnx
[TIME] NPU host session prep: 666.2 ms
[TIME] NPU memory load: 416.4 ms
[PROGRESS] 10/100 images processed
[PROGRESS] 20/100 images processed
[PROGRESS] 30/100 images processed
[PROGRESS] 40/100 images processed
[PROGRESS] 50/100 images processed
[PROGRESS] 60/100 images processed
[PROGRESS] 70/100 images processed
[PROGRESS] 80/100 images processed
[PROGRESS] 90/100 images processed
[PROGRESS] 100/100 images processed
[TIME] Preprocess avg: 4.5 ms, p95: 10.4 ms
[TIME] Inference avg: 81.3 ms, p95: 106.8 ms
[TIME] Postprocess avg: 0.5 ms, p95: 1.0 ms
[INFO] Saved detections to /workspace/multimodel-scheduling/results/yolov3_coco_dets_npu_20250826-013601.json
[METRIC] mAP@[.5:.95]: 0.1638
[METRIC] mAP@0.5: 0.2628
[METRIC] mAP@0.75: 0.1806
[METRIC] mAP_small: 0.0638
[METRIC] mAP_medium: 0.2035
[METRIC] mAP_large: 0.2438
[METRIC] AR1: 0.1205
[METRIC] AR10: 0.1710
[METRIC] AR100: 0.1716
[METRIC] AR_small: 0.0681
[METRIC] AR_medium: 0.2084
[METRIC] AR_large: 0.2526
[RESULT] Accuracy: mAP@[.5:.95]=0.1638, mAP@0.5=0.2628
[INFO] Saved metrics/results to /workspace/multimodel-scheduling/results/yolov3_coco_metrics_npu_20250826-013601.json
[INFO] NPU evaluation finished.
