[INFO] Starting YOLOv3 COCO eval on NPU (both mode)
[INFO] Using NPU ONNX: ../yolov3/yolov3_d53_mstrain-608_273e_coco_optim_opset12.neubla_u8_lwq_movingaverage.onnx
[TIME] NPU host session prep: 468.6 ms
[TIME] NPU memory load: 108.6 ms
[PROGRESS] 10/100 images processed
[PROGRESS] 20/100 images processed
[PROGRESS] 30/100 images processed
[PROGRESS] 40/100 images processed
[PROGRESS] 50/100 images processed
[PROGRESS] 60/100 images processed
[PROGRESS] 70/100 images processed
[PROGRESS] 80/100 images processed
[PROGRESS] 90/100 images processed
[PROGRESS] 100/100 images processed
[TIME] Preprocess avg: 0.9 ms, p95: 1.0 ms
[TIME] Inference avg: 75.0 ms, p95: 85.3 ms
[TIME] Postprocess avg: 0.4 ms, p95: 0.6 ms
[INFO] Saved detections to /workspace/multimodel-scheduling/results/yolov3_coco_dets_npu_20250825-061514.json
[METRIC] mAP@[.5:.95]: 0.1467
[METRIC] mAP@0.5: 0.2610
[METRIC] mAP@0.75: 0.1257
[METRIC] mAP_small: 0.0568
[METRIC] mAP_medium: 0.1316
[METRIC] mAP_large: 0.2624
[METRIC] AR1: 0.1185
[METRIC] AR10: 0.1587
[METRIC] AR100: 0.1587
[METRIC] AR_small: 0.0621
[METRIC] AR_medium: 0.1364
[METRIC] AR_large: 0.2758
[RESULT] Accuracy: mAP@[.5:.95]=0.1467, mAP@0.5=0.2610
[INFO] Saved metrics/results to /workspace/multimodel-scheduling/results/yolov3_coco_metrics_npu_20250825-061514.json
[INFO] NPU evaluation finished.
