[INFO] Starting YOLOv3 COCO eval on CPU (both mode)
[INFO] Inference input size: 608x608
[INFO] Output names: ['yolonms_layer_1/ExpandDims_1:0_f32', 'yolonms_layer_1/ExpandDims_3:0_f32', 'yolonms_layer_1/concat_2:0']
[TIME] Session init: 509.4 ms
[PROGRESS] 10/100 images processed
[PROGRESS] 20/100 images processed
[PROGRESS] 30/100 images processed
[PROGRESS] 40/100 images processed
[PROGRESS] 50/100 images processed
[PROGRESS] 60/100 images processed
[PROGRESS] 70/100 images processed
[PROGRESS] 80/100 images processed
[PROGRESS] 90/100 images processed
[PROGRESS] 100/100 images processed
[TIME] Preprocess avg: 2.6 ms, p95: 2.9 ms
[TIME] Inference avg: 1026.0 ms, p95: 1049.1 ms
[TIME] Postprocess avg: 1.3 ms, p95: 3.5 ms
[INFO] Saved detections to /workspace/multimodel-scheduling/results/yolov3_coco_dets_cpu_20250825-113453.json
[METRIC] mAP@[.5:.95]: 0.4101
[METRIC] mAP@0.5: 0.6254
[METRIC] mAP@0.75: 0.4625
[METRIC] mAP_small: 0.2090
[METRIC] mAP_medium: 0.4215
[METRIC] mAP_large: 0.5693
[METRIC] AR1: 0.3431
[METRIC] AR10: 0.4335
[METRIC] AR100: 0.4337
[METRIC] AR_small: 0.2132
[METRIC] AR_medium: 0.4326
[METRIC] AR_large: 0.5911
[RESULT] Accuracy: mAP@[.5:.95]=0.4101, mAP@0.5=0.6254
[INFO] Saved metrics/results to /workspace/multimodel-scheduling/results/yolov3_coco_metrics_cpu_20250825-113453.json
[INFO] CPU evaluation finished.
