[INFO] Starting YOLOv3 COCO eval on CPU
[INFO] Model: /workspace/multimodel-scheduling/models/yolov3_big/model/yolov3_big.onnx
[INFO] Data dir: /workspace/multimodel-scheduling/datasets/coco
[INFO] Max images: 100
[INFO] Conf thr: 0.3, IoU thr: 0.5
[INFO] Downloading http://images.cocodataset.org/zips/val2017.zip -> /workspace/multimodel-scheduling/datasets/coco/val2017.zip
[INFO] Downloaded: /workspace/multimodel-scheduling/datasets/coco/val2017.zip
[INFO] Extracting /workspace/multimodel-scheduling/datasets/coco/val2017.zip -> /workspace/multimodel-scheduling/datasets/coco
[INFO] Extracted: /workspace/multimodel-scheduling/datasets/coco
[INFO] Downloading http://images.cocodataset.org/annotations/annotations_trainval2017.zip -> /workspace/multimodel-scheduling/datasets/coco/annotations_trainval2017.zip
[INFO] Downloaded: /workspace/multimodel-scheduling/datasets/coco/annotations_trainval2017.zip
[INFO] Extracting /workspace/multimodel-scheduling/datasets/coco/annotations_trainval2017.zip -> /workspace/multimodel-scheduling/datasets/coco
[INFO] Extracted: /workspace/multimodel-scheduling/datasets/coco
[INFO] Inference input size: 608x608
[INFO] Output names: ['output0']
[TIME] Session init: 854.0 ms
[INFO] Number of images to process: 100
[PROGRESS] 10/100 images processed
[PROGRESS] 20/100 images processed
[PROGRESS] 30/100 images processed
[PROGRESS] 40/100 images processed
[PROGRESS] 50/100 images processed
[PROGRESS] 60/100 images processed
[PROGRESS] 70/100 images processed
[PROGRESS] 80/100 images processed
[PROGRESS] 90/100 images processed
[PROGRESS] 100/100 images processed
[TIME] Preprocess avg: 2.6 ms, p95: 2.7 ms
[TIME] Inference avg: 1118.5 ms, p95: 1124.0 ms
[TIME] Postprocess avg: 3.2 ms, p95: 3.7 ms
[INFO] Saved detections to /workspace/multimodel-scheduling/results/yolov3_coco_dets_20250822-065342.json
[METRIC] mAP@[.5:.95]: 0.5199
[METRIC] mAP@0.5: 0.6757
[METRIC] mAP@0.75: 0.5787
[METRIC] mAP_small: 0.2893
[METRIC] mAP_medium: 0.5524
[METRIC] mAP_large: 0.7361
[METRIC] AR1: 0.4212
[METRIC] AR10: 0.5574
[METRIC] AR100: 0.5578
[METRIC] AR_small: 0.3087
[METRIC] AR_medium: 0.5876
[METRIC] AR_large: 0.7562
[RESULT] Accuracy: mAP@[.5:.95]=0.5199, mAP@0.5=0.6757
[INFO] Saved metrics/results to /workspace/multimodel-scheduling/results/yolov3_coco_metrics_20250822-065342.json
[INFO] Evaluation finished.
