[INFO] Starting YOLOv3 COCO eval on CPU
[INFO] Model: /workspace/multimodel-scheduling/models/yolov3_big/model/yolov3_big.onnx
[INFO] Data dir: /workspace/multimodel-scheduling/datasets/coco
[INFO] Max images: 100
[INFO] Conf thr: 0.3, IoU thr: 0.5
[INFO] Using existing images at /workspace/multimodel-scheduling/datasets/coco/val2017
[INFO] Using existing annotations at /workspace/multimodel-scheduling/datasets/coco/annotations/instances_val2017.json
[INFO] Number of images to process: 100
[INFO] Inference input size: 608x608
[INFO] Output names: ['output0']
[TIME] Session init: 356.2 ms
[PROGRESS] 10/100 images processed
[PROGRESS] 20/100 images processed
[PROGRESS] 30/100 images processed
[PROGRESS] 40/100 images processed
[PROGRESS] 50/100 images processed
[PROGRESS] 60/100 images processed
[PROGRESS] 70/100 images processed
[PROGRESS] 80/100 images processed
[PROGRESS] 90/100 images processed
[PROGRESS] 100/100 images processed
[TIME] Preprocess avg: 2.6 ms, p95: 2.7 ms
[TIME] Inference avg: 1101.5 ms, p95: 1109.7 ms
[TIME] Postprocess avg: 3.3 ms, p95: 3.8 ms
[INFO] Saved detections to /workspace/multimodel-scheduling/results/yolov3_coco_dets_20250822-072600.json
[METRIC] mAP@[.5:.95]: 0.5199
[METRIC] mAP@0.5: 0.6757
[METRIC] mAP@0.75: 0.5787
[METRIC] mAP_small: 0.2893
[METRIC] mAP_medium: 0.5524
[METRIC] mAP_large: 0.7361
[METRIC] AR1: 0.4212
[METRIC] AR10: 0.5574
[METRIC] AR100: 0.5578
[METRIC] AR_small: 0.3087
[METRIC] AR_medium: 0.5876
[METRIC] AR_large: 0.7562
[RESULT] Accuracy: mAP@[.5:.95]=0.5199, mAP@0.5=0.6757
[INFO] Saved metrics/results to /workspace/multimodel-scheduling/results/yolov3_coco_metrics_20250822-072601.json
[INFO] Evaluation finished.
